<?xml version="1.0" encoding="UTF-8"?>
<!-- Generated by org.testng.reporters.JUnitReportReporter -->
<testsuite hostname="DESKTOP-LSH9K69" failures="0" tests="1" name="Testing.PageFilesTesting" time="48.603" errors="0" timestamp="2021-11-30T19:04:48 IST" skipped="0">
  <testcase classname="Testing.PageFilesTesting" name="pageNavigation" time="48.603"/>
  <system-out/>
</testsuite> <!-- Testing.PageFilesTesting -->
