<?xml version="1.0" encoding="UTF-8"?>
<!-- Generated by org.testng.reporters.JUnitReportReporter -->
<testsuite hostname="DESKTOP-LSH9K69" failures="0" tests="1" name="Testing.EndTest" time="56.346" errors="0" timestamp="2021-12-02T20:59:25 IST" skipped="0">
  <testcase classname="Testing.EndTest" name="pageNavigation" time="56.346"/>
  <system-out/>
</testsuite> <!-- Testing.EndTest -->
