<?xml version="1.0" encoding="UTF-8"?>
<!-- Generated by org.testng.reporters.JUnitReportReporter -->
<testsuite hostname="DESKTOP-LSH9K69" failures="0" tests="1" name="Testing.PageFilesTesting" time="46.303" errors="0" timestamp="2021-11-30T19:06:55 IST" skipped="0">
  <testcase classname="Testing.PageFilesTesting" name="pageNavigation" time="46.303"/>
  <system-out/>
</testsuite> <!-- Testing.PageFilesTesting -->
