<?xml version="1.0" encoding="UTF-8"?>
<!-- Generated by org.testng.reporters.JUnitReportReporter -->
<testsuite hostname="DESKTOP-LSH9K69" failures="0" tests="1" name="Testing.EndTest" time="108.488" errors="0" timestamp="2021-12-02T18:53:55 IST" skipped="0">
  <testcase classname="Testing.EndTest" name="pageNavigation" time="108.488"/>
  <system-out/>
</testsuite> <!-- Testing.EndTest -->
